=========================================
SYSYTEM HEALTH REPORT
DATE: Fri Nov 28 02:16:17 WAT 2025
=========================================

 UPTIME:
up 7 hours, 9 minutes

 CPU LOAD:
Load Average: 0.03, 0.07, 0.08

 MEMORY USAGE:
               total        used        free      shared  buff/cache   available
Mem:           3.8Gi       2.5Gi       1.1Gi       3.6Mi       297Mi       1.3Gi
Swap:          1.0Gi          0B       1.0Gi

 DISK USAGE (SUMMARY):
total           1.5T  419G  1.1T  29% -

 TOP 3 CPU-CONSUMING PROCESSES:
    PID    PPID CMD                         %CPU %MEM
      6       2 plan9 --control-socket 7 --  0.0  0.0
    413       2 /init                        0.0  0.0
    435     434 (sd-pam)                     0.0  0.0

 NETWORK CONNECTIVITY:
Network OK

 ========HEALTH REPORT COMPLETED========
Log file saved to: ./1st-week/../logs/wsl_healthcheck_2025-11-28_02-16-17.log
