=========================================
SYSYTEM HEALTH REPORT
DATE: Sat Nov 29 02:02:02 WAT 2025
=========================================

 UPTIME:
up 11 hours, 31 minutes

 CPU LOAD:
Load Average: 0.10, 0.11, 0.09

 MEMORY USAGE:
               total        used        free      shared  buff/cache   available
Mem:           3.8Gi       2.5Gi       1.1Gi       3.8Mi       255Mi       1.2Gi
Swap:          1.0Gi          0B       1.0Gi

 DISK USAGE (SUMMARY):
total           1.5T  420G  1.1T  29% -

 TOP 3 CPU-CONSUMING PROCESSES:
    PID    PPID CMD                         %CPU %MEM
      6       2 plan9 --control-socket 7 --  0.0  0.0
    413       2 /init                        0.0  0.0
    435     434 (sd-pam)                     0.0  0.0

 NETWORK CONNECTIVITY:
Network OK

 ========HEALTH REPORT COMPLETED========
Log file saved to: ./1st-week/logs/system-healthcheck_2025-11-29_02-02-02.log
