=========================================
SYSTEM HEALTH REPORT
DATE: Wed Dec  3 23:09:53 WAT 2025
=========================================

 UPTIME:
up 1 day, 5 hours, 18 minutes

 CPU LOAD:
Load Average: 0.26, 0.22, 0.18

 MEMORY USAGE:
               total        used        free      shared  buff/cache   available
Mem:           3.8Gi       1.5Gi       1.9Gi       4.4Mi       516Mi       2.3Gi
Swap:          1.0Gi          0B       1.0Gi

 DISK USAGE (SUMMARY):
total           1.5T  421G  1.1T  29% -

 TOP 3 CPU-CONSUMING PROCESSES:
    PID    PPID CMD                         %CPU %MEM
      6       2 plan9 --control-socket 7 --  0.0  0.0
    413       2 /init                        0.0  0.0
    435     434 (sd-pam)                     0.0  0.0

 NETWORK CONNECTIVITY:
Network OK

 ========HEALTH REPORT COMPLETED========
Log file saved to: ./1st-week/logs/system-healthcheck_2025-12-03_23-09-53.log
