=========================================
SYSYTEM HEALTH REPORT
DATE: Tue Dec  2 14:32:22 WAT 2025
=========================================

 UPTIME:
up 18 hours, 49 minutes

 CPU LOAD:
Load Average: 0.14, 0.14, 0.16

 MEMORY USAGE:
               total        used        free      shared  buff/cache   available
Mem:           3.8Gi       2.5Gi       1.1Gi       4.2Mi       312Mi       1.2Gi
Swap:          1.0Gi          0B       1.0Gi

 DISK USAGE (SUMMARY):
total           1.5T  429G 1023G  30% -

 TOP 3 CPU-CONSUMING PROCESSES:
    PID    PPID CMD                         %CPU %MEM
      6       2 plan9 --control-socket 7 --  0.0  0.0
    413       2 /init                        0.0  0.0
    435     434 (sd-pam)                     0.0  0.0

 NETWORK CONNECTIVITY:
Network OK

 ========HEALTH REPORT COMPLETED========
Log file saved to: ./1st-week/logs/system-healthcheck_2025-12-02_14-32-22.log
